-------------------------------------------------------------------------------
Test set: org.apache.commons.lang3.text.translate.AggregateTranslatorTest
-------------------------------------------------------------------------------
Tests run: 1, Failures: 1, Errors: 0, Skipped: 0, Time elapsed: 0 s <<< FAILURE! - in org.apache.commons.lang3.text.translate.AggregateTranslatorTest
test_translate  Time elapsed: 0 s  <<< FAILURE!
org.opentest4j.AssertionFailedError: Not yet implemented
	at org.apache.commons.lang3.text.translate.AggregateTranslatorTest.test_translate(AggregateTranslatorTest.java:8)

